[2018-08-07T07:14:34,018][INFO ][o.e.n.Node               ] [] initializing ...
[2018-08-07T07:14:34,163][INFO ][o.e.e.NodeEnvironment    ] [6x8e-AJ] using [1] data paths, mounts [[/ (none)]], net usable_space [1.1gb], net total_space [2.1gb], types [aufs]
[2018-08-07T07:14:34,164][INFO ][o.e.e.NodeEnvironment    ] [6x8e-AJ] heap size [989.8mb], compressed ordinary object pointers [true]
[2018-08-07T07:14:34,166][INFO ][o.e.n.Node               ] [6x8e-AJ] node name derived from node ID [6x8e-AJ-R1iXS9ATsHSXMA]; set [node.name] to override
[2018-08-07T07:14:34,167][INFO ][o.e.n.Node               ] [6x8e-AJ] version[6.3.2], pid[3788], build[default/tar/053779d/2018-07-20T05:20:23.451332Z], OS[Linux/4.9.80-c9/amd64], JVM[Oracle Corporation/Java HotSpot(TM) 64-Bit Server VM/1.8.0_181/25.181-b13]
[2018-08-07T07:14:34,167][INFO ][o.e.n.Node               ] [6x8e-AJ] JVM arguments [-Xms1g, -Xmx1g, -XX:+UseConcMarkSweepGC, -XX:CMSInitiatingOccupancyFraction=75, -XX:+UseCMSInitiatingOccupancyOnly, -XX:+AlwaysPreTouch, -Xss1m, -Djava.awt.headless=true, -Dfile.encoding=UTF-8, -Djna.nosys=true, -XX:-OmitStackTraceInFastThrow, -Dio.netty.noUnsafe=true, -Dio.netty.noKeySetOptimization=true, -Dio.netty.recycler.maxCapacityPerThread=0, -Dlog4j.shutdownHookEnabled=false, -Dlog4j2.disable.jmx=true, -Djava.io.tmpdir=/tmp/elasticsearch.c22ayFkV, -XX:+HeapDumpOnOutOfMemoryError, -XX:HeapDumpPath=data, -XX:ErrorFile=logs/hs_err_pid%p.log, -XX:+PrintGCDetails, -XX:+PrintGCDateStamps, -XX:+PrintTenuringDistribution, -XX:+PrintGCApplicationStoppedTime, -Xloggc:logs/gc.log, -XX:+UseGCLogFileRotation, -XX:NumberOfGCLogFiles=32, -XX:GCLogFileSize=64m, -Des.path.home=/home/ubuntu/workspace/elasticsearch-6.3.2, -Des.path.conf=/home/ubuntu/workspace/elasticsearch-6.3.2/config, -Des.distribution.flavor=default, -Des.distribution.type=tar]
[2018-08-07T07:14:46,724][INFO ][o.e.p.PluginsService     ] [6x8e-AJ] loaded module [aggs-matrix-stats]
[2018-08-07T07:14:46,724][INFO ][o.e.p.PluginsService     ] [6x8e-AJ] loaded module [analysis-common]
[2018-08-07T07:14:46,725][INFO ][o.e.p.PluginsService     ] [6x8e-AJ] loaded module [ingest-common]
[2018-08-07T07:14:46,725][INFO ][o.e.p.PluginsService     ] [6x8e-AJ] loaded module [lang-expression]
[2018-08-07T07:14:46,725][INFO ][o.e.p.PluginsService     ] [6x8e-AJ] loaded module [lang-mustache]
[2018-08-07T07:14:46,725][INFO ][o.e.p.PluginsService     ] [6x8e-AJ] loaded module [lang-painless]
[2018-08-07T07:14:46,726][INFO ][o.e.p.PluginsService     ] [6x8e-AJ] loaded module [mapper-extras]
[2018-08-07T07:14:46,726][INFO ][o.e.p.PluginsService     ] [6x8e-AJ] loaded module [parent-join]
[2018-08-07T07:14:46,726][INFO ][o.e.p.PluginsService     ] [6x8e-AJ] loaded module [percolator]
[2018-08-07T07:14:46,726][INFO ][o.e.p.PluginsService     ] [6x8e-AJ] loaded module [rank-eval]
[2018-08-07T07:14:46,726][INFO ][o.e.p.PluginsService     ] [6x8e-AJ] loaded module [reindex]
[2018-08-07T07:14:46,727][INFO ][o.e.p.PluginsService     ] [6x8e-AJ] loaded module [repository-url]
[2018-08-07T07:14:46,727][INFO ][o.e.p.PluginsService     ] [6x8e-AJ] loaded module [transport-netty4]
[2018-08-07T07:14:46,727][INFO ][o.e.p.PluginsService     ] [6x8e-AJ] loaded module [tribe]
[2018-08-07T07:14:46,727][INFO ][o.e.p.PluginsService     ] [6x8e-AJ] loaded module [x-pack-core]
[2018-08-07T07:14:46,727][INFO ][o.e.p.PluginsService     ] [6x8e-AJ] loaded module [x-pack-deprecation]
[2018-08-07T07:14:46,728][INFO ][o.e.p.PluginsService     ] [6x8e-AJ] loaded module [x-pack-graph]
[2018-08-07T07:14:46,728][INFO ][o.e.p.PluginsService     ] [6x8e-AJ] loaded module [x-pack-logstash]
[2018-08-07T07:14:46,728][INFO ][o.e.p.PluginsService     ] [6x8e-AJ] loaded module [x-pack-ml]
[2018-08-07T07:14:46,728][INFO ][o.e.p.PluginsService     ] [6x8e-AJ] loaded module [x-pack-monitoring]
[2018-08-07T07:14:46,728][INFO ][o.e.p.PluginsService     ] [6x8e-AJ] loaded module [x-pack-rollup]
[2018-08-07T07:14:46,729][INFO ][o.e.p.PluginsService     ] [6x8e-AJ] loaded module [x-pack-security]
[2018-08-07T07:14:46,729][INFO ][o.e.p.PluginsService     ] [6x8e-AJ] loaded module [x-pack-sql]
[2018-08-07T07:14:46,729][INFO ][o.e.p.PluginsService     ] [6x8e-AJ] loaded module [x-pack-upgrade]
[2018-08-07T07:14:46,729][INFO ][o.e.p.PluginsService     ] [6x8e-AJ] loaded module [x-pack-watcher]
[2018-08-07T07:14:46,730][INFO ][o.e.p.PluginsService     ] [6x8e-AJ] no plugins loaded
[2018-08-07T07:15:45,704][INFO ][o.e.x.s.a.s.FileRolesStore] [6x8e-AJ] parsed [0] roles from file [/home/ubuntu/workspace/elasticsearch-6.3.2/config/roles.yml]
[2018-08-07T07:15:47,421][INFO ][o.e.x.m.j.p.l.CppLogMessageHandler] [controller/3869] [Main.cc@109] controller (64 bit): Version 6.3.2 (Build 903094f295d249) Copyright (c) 2018 Elasticsearch BV
[2018-08-07T07:15:50,743][DEBUG][o.e.a.ActionModule       ] Using REST wrapper from plugin org.elasticsearch.xpack.security.Security
[2018-08-07T07:15:51,885][INFO ][o.e.d.DiscoveryModule    ] [6x8e-AJ] using discovery type [zen]
[2018-08-07T07:15:53,821][INFO ][o.e.n.Node               ] [6x8e-AJ] initialized
[2018-08-07T07:15:53,822][INFO ][o.e.n.Node               ] [6x8e-AJ] starting ...
[2018-08-07T07:15:54,120][INFO ][o.e.t.TransportService   ] [6x8e-AJ] publish_address {127.0.0.1:9300}, bound_addresses {[::1]:9300}, {127.0.0.1:9300}
[2018-08-07T07:15:54,204][WARN ][o.e.b.BootstrapChecks    ] [6x8e-AJ] max virtual memory areas vm.max_map_count [65530] is too low, increase to at least [262144]
[2018-08-07T07:15:57,425][INFO ][o.e.c.s.MasterService    ] [6x8e-AJ] zen-disco-elected-as-master ([0] nodes joined)[, ], reason: new_master {6x8e-AJ}{6x8e-AJ-R1iXS9ATsHSXMA}{v97u8BRnROWR5voPqkOEDA}{127.0.0.1}{127.0.0.1:9300}{ml.machine_memory=54881718272, xpack.installed=true, ml.max_open_jobs=20, ml.enabled=true}
[2018-08-07T07:15:57,434][INFO ][o.e.c.s.ClusterApplierService] [6x8e-AJ] new_master {6x8e-AJ}{6x8e-AJ-R1iXS9ATsHSXMA}{v97u8BRnROWR5voPqkOEDA}{127.0.0.1}{127.0.0.1:9300}{ml.machine_memory=54881718272, xpack.installed=true, ml.max_open_jobs=20, ml.enabled=true}, reason: apply cluster state (from master [master {6x8e-AJ}{6x8e-AJ-R1iXS9ATsHSXMA}{v97u8BRnROWR5voPqkOEDA}{127.0.0.1}{127.0.0.1:9300}{ml.machine_memory=54881718272, xpack.installed=true, ml.max_open_jobs=20, ml.enabled=true} committed version [1] source [zen-disco-elected-as-master ([0] nodes joined)[, ]]])
[2018-08-07T07:15:57,609][INFO ][o.e.x.s.t.n.SecurityNetty4HttpServerTransport] [6x8e-AJ] publish_address {127.0.0.1:9200}, bound_addresses {[::1]:9200}, {127.0.0.1:9200}
[2018-08-07T07:15:57,610][INFO ][o.e.n.Node               ] [6x8e-AJ] started
[2018-08-07T07:15:57,613][WARN ][o.e.x.s.a.s.m.NativeRoleMappingStore] [6x8e-AJ] Failed to clear cache for realms [[]]
[2018-08-07T07:15:57,844][INFO ][o.e.g.GatewayService     ] [6x8e-AJ] recovered [0] indices into cluster_state
[2018-08-07T07:16:25,436][INFO ][o.e.c.m.MetaDataIndexTemplateService] [6x8e-AJ] adding template [.watches] for index patterns [.watches*]
[2018-08-07T07:16:38,403][WARN ][o.e.c.s.MasterService    ] [6x8e-AJ] cluster state update task [create-index-template [.watches], cause [api]] took [39.5s] above the warn threshold of 30s
[2018-08-07T07:16:33,241][DEBUG][o.e.a.a.i.t.p.TransportPutIndexTemplateAction] [6x8e-AJ] failed to put template [.monitoring-alerts]
org.elasticsearch.cluster.metadata.ProcessClusterEventTimeoutException: failed to process cluster event (create-index-template [.monitoring-alerts], cause [api]) within 30s
	at org.elasticsearch.cluster.service.MasterService$Batcher.lambda$onTimeout$0(MasterService.java:124) ~[elasticsearch-6.3.2.jar:6.3.2]
	at java.util.ArrayList.forEach(ArrayList.java:1257) ~[?:1.8.0_181]
	at org.elasticsearch.cluster.service.MasterService$Batcher.lambda$onTimeout$1(MasterService.java:123) ~[elasticsearch-6.3.2.jar:6.3.2]
	at org.elasticsearch.common.util.concurrent.ThreadContext$ContextPreservingRunnable.run(ThreadContext.java:626) [elasticsearch-6.3.2.jar:6.3.2]
	at java.util.concurrent.ThreadPoolExecutor.runWorker(ThreadPoolExecutor.java:1149) [?:1.8.0_181]
	at java.util.concurrent.ThreadPoolExecutor$Worker.run(ThreadPoolExecutor.java:624) [?:1.8.0_181]
	at java.lang.Thread.run(Thread.java:748) [?:1.8.0_181]
[2018-08-07T07:16:33,240][DEBUG][o.e.a.a.i.t.p.TransportPutIndexTemplateAction] [6x8e-AJ] failed to put template [.monitoring-beats]
org.elasticsearch.cluster.metadata.ProcessClusterEventTimeoutException: failed to process cluster event (create-index-template [.monitoring-beats], cause [api]) within 30s
	at org.elasticsearch.cluster.service.MasterService$Batcher.lambda$onTimeout$0(MasterService.java:124) ~[elasticsearch-6.3.2.jar:6.3.2]
	at java.util.ArrayList.forEach(ArrayList.java:1257) ~[?:1.8.0_181]
	at org.elasticsearch.cluster.service.MasterService$Batcher.lambda$onTimeout$1(MasterService.java:123) ~[elasticsearch-6.3.2.jar:6.3.2]
	at org.elasticsearch.common.util.concurrent.ThreadContext$ContextPreservingRunnable.run(ThreadContext.java:626) [elasticsearch-6.3.2.jar:6.3.2]
	at java.util.concurrent.ThreadPoolExecutor.runWorker(ThreadPoolExecutor.java:1149) [?:1.8.0_181]
	at java.util.concurrent.ThreadPoolExecutor$Worker.run(ThreadPoolExecutor.java:624) [?:1.8.0_181]
	at java.lang.Thread.run(Thread.java:748) [?:1.8.0_181]
[2018-08-07T07:16:39,256][ERROR][o.e.x.m.e.l.LocalExporter] failed to set monitoring template [.monitoring-alerts]
org.elasticsearch.cluster.metadata.ProcessClusterEventTimeoutException: failed to process cluster event (create-index-template [.monitoring-alerts], cause [api]) within 30s
	at org.elasticsearch.cluster.service.MasterService$Batcher.lambda$onTimeout$0(MasterService.java:124) ~[elasticsearch-6.3.2.jar:6.3.2]
	at java.util.ArrayList.forEach(ArrayList.java:1257) ~[?:1.8.0_181]
	at org.elasticsearch.cluster.service.MasterService$Batcher.lambda$onTimeout$1(MasterService.java:123) ~[elasticsearch-6.3.2.jar:6.3.2]
	at org.elasticsearch.common.util.concurrent.ThreadContext$ContextPreservingRunnable.run(ThreadContext.java:626) [elasticsearch-6.3.2.jar:6.3.2]
	at java.util.concurrent.ThreadPoolExecutor.runWorker(ThreadPoolExecutor.java:1149) [?:1.8.0_181]
	at java.util.concurrent.ThreadPoolExecutor$Worker.run(ThreadPoolExecutor.java:624) [?:1.8.0_181]
	at java.lang.Thread.run(Thread.java:748) [?:1.8.0_181]
[2018-08-07T07:16:39,256][ERROR][o.e.x.m.e.l.LocalExporter] failed to set monitoring template [.monitoring-beats]
org.elasticsearch.cluster.metadata.ProcessClusterEventTimeoutException: failed to process cluster event (create-index-template [.monitoring-beats], cause [api]) within 30s
	at org.elasticsearch.cluster.service.MasterService$Batcher.lambda$onTimeout$0(MasterService.java:124) ~[elasticsearch-6.3.2.jar:6.3.2]
	at java.util.ArrayList.forEach(ArrayList.java:1257) ~[?:1.8.0_181]
	at org.elasticsearch.cluster.service.MasterService$Batcher.lambda$onTimeout$1(MasterService.java:123) ~[elasticsearch-6.3.2.jar:6.3.2]
	at org.elasticsearch.common.util.concurrent.ThreadContext$ContextPreservingRunnable.run(ThreadContext.java:626) [elasticsearch-6.3.2.jar:6.3.2]
	at java.util.concurrent.ThreadPoolExecutor.runWorker(ThreadPoolExecutor.java:1149) [?:1.8.0_181]
	at java.util.concurrent.ThreadPoolExecutor$Worker.run(ThreadPoolExecutor.java:624) [?:1.8.0_181]
	at java.lang.Thread.run(Thread.java:748) [?:1.8.0_181]
[2018-08-07T07:16:33,240][DEBUG][o.e.a.a.i.t.p.TransportPutIndexTemplateAction] [6x8e-AJ] failed to put template [.monitoring-es]
org.elasticsearch.cluster.metadata.ProcessClusterEventTimeoutException: failed to process cluster event (create-index-template [.monitoring-es], cause [api]) within 30s
	at org.elasticsearch.cluster.service.MasterService$Batcher.lambda$onTimeout$0(MasterService.java:124) ~[elasticsearch-6.3.2.jar:6.3.2]
	at java.util.ArrayList.forEach(ArrayList.java:1257) ~[?:1.8.0_181]
	at org.elasticsearch.cluster.service.MasterService$Batcher.lambda$onTimeout$1(MasterService.java:123) ~[elasticsearch-6.3.2.jar:6.3.2]
	at org.elasticsearch.common.util.concurrent.ThreadContext$ContextPreservingRunnable.run(ThreadContext.java:626) [elasticsearch-6.3.2.jar:6.3.2]
	at java.util.concurrent.ThreadPoolExecutor.runWorker(ThreadPoolExecutor.java:1149) [?:1.8.0_181]
	at java.util.concurrent.ThreadPoolExecutor$Worker.run(ThreadPoolExecutor.java:624) [?:1.8.0_181]
	at java.lang.Thread.run(Thread.java:748) [?:1.8.0_181]
[2018-08-07T07:16:39,259][ERROR][o.e.x.m.e.l.LocalExporter] failed to set monitoring template [.monitoring-es]
org.elasticsearch.cluster.metadata.ProcessClusterEventTimeoutException: failed to process cluster event (create-index-template [.monitoring-es], cause [api]) within 30s
	at org.elasticsearch.cluster.service.MasterService$Batcher.lambda$onTimeout$0(MasterService.java:124) ~[elasticsearch-6.3.2.jar:6.3.2]
	at java.util.ArrayList.forEach(ArrayList.java:1257) ~[?:1.8.0_181]
	at org.elasticsearch.cluster.service.MasterService$Batcher.lambda$onTimeout$1(MasterService.java:123) ~[elasticsearch-6.3.2.jar:6.3.2]
	at org.elasticsearch.common.util.concurrent.ThreadContext$ContextPreservingRunnable.run(ThreadContext.java:626) [elasticsearch-6.3.2.jar:6.3.2]
	at java.util.concurrent.ThreadPoolExecutor.runWorker(ThreadPoolExecutor.java:1149) [?:1.8.0_181]
	at java.util.concurrent.ThreadPoolExecutor$Worker.run(ThreadPoolExecutor.java:624) [?:1.8.0_181]
	at java.lang.Thread.run(Thread.java:748) [?:1.8.0_181]
[2018-08-07T07:16:33,241][DEBUG][o.e.a.a.i.t.p.TransportPutIndexTemplateAction] [6x8e-AJ] failed to put template [.monitoring-kibana]
org.elasticsearch.cluster.metadata.ProcessClusterEventTimeoutException: failed to process cluster event (create-index-template [.monitoring-kibana], cause [api]) within 30s
	at org.elasticsearch.cluster.service.MasterService$Batcher.lambda$onTimeout$0(MasterService.java:124) ~[elasticsearch-6.3.2.jar:6.3.2]
	at java.util.ArrayList.forEach(ArrayList.java:1257) ~[?:1.8.0_181]
	at org.elasticsearch.cluster.service.MasterService$Batcher.lambda$onTimeout$1(MasterService.java:123) ~[elasticsearch-6.3.2.jar:6.3.2]
	at org.elasticsearch.common.util.concurrent.ThreadContext$ContextPreservingRunnable.run(ThreadContext.java:626) [elasticsearch-6.3.2.jar:6.3.2]
	at java.util.concurrent.ThreadPoolExecutor.runWorker(ThreadPoolExecutor.java:1149) [?:1.8.0_181]
	at java.util.concurrent.ThreadPoolExecutor$Worker.run(ThreadPoolExecutor.java:624) [?:1.8.0_181]
	at java.lang.Thread.run(Thread.java:748) [?:1.8.0_181]
[2018-08-07T07:16:33,240][ERROR][o.e.x.m.e.l.LocalExporter] failed to set monitoring pipeline [xpack_monitoring_6]
org.elasticsearch.cluster.metadata.ProcessClusterEventTimeoutException: failed to process cluster event (put-pipeline-xpack_monitoring_6) within 30s
	at org.elasticsearch.cluster.service.MasterService$Batcher.lambda$onTimeout$0(MasterService.java:124) ~[elasticsearch-6.3.2.jar:6.3.2]
	at java.util.ArrayList.forEach(ArrayList.java:1257) ~[?:1.8.0_181]
	at org.elasticsearch.cluster.service.MasterService$Batcher.lambda$onTimeout$1(MasterService.java:123) ~[elasticsearch-6.3.2.jar:6.3.2]
	at org.elasticsearch.common.util.concurrent.ThreadContext$ContextPreservingRunnable.run(ThreadContext.java:626) [elasticsearch-6.3.2.jar:6.3.2]
	at java.util.concurrent.ThreadPoolExecutor.runWorker(ThreadPoolExecutor.java:1149) [?:1.8.0_181]
	at java.util.concurrent.ThreadPoolExecutor$Worker.run(ThreadPoolExecutor.java:624) [?:1.8.0_181]
	at java.lang.Thread.run(Thread.java:748) [?:1.8.0_181]
[2018-08-07T07:16:33,240][DEBUG][o.e.a.a.i.t.p.TransportPutIndexTemplateAction] [6x8e-AJ] failed to put template [.monitoring-logstash]
org.elasticsearch.cluster.metadata.ProcessClusterEventTimeoutException: failed to process cluster event (create-index-template [.monitoring-logstash], cause [api]) within 30s
	at org.elasticsearch.cluster.service.MasterService$Batcher.lambda$onTimeout$0(MasterService.java:124) ~[elasticsearch-6.3.2.jar:6.3.2]
	at java.util.ArrayList.forEach(ArrayList.java:1257) ~[?:1.8.0_181]
	at org.elasticsearch.cluster.service.MasterService$Batcher.lambda$onTimeout$1(MasterService.java:123) ~[elasticsearch-6.3.2.jar:6.3.2]
	at org.elasticsearch.common.util.concurrent.ThreadContext$ContextPreservingRunnable.run(ThreadContext.java:626) [elasticsearch-6.3.2.jar:6.3.2]
	at java.util.concurrent.ThreadPoolExecutor.runWorker(ThreadPoolExecutor.java:1149) [?:1.8.0_181]
	at java.util.concurrent.ThreadPoolExecutor$Worker.run(ThreadPoolExecutor.java:624) [?:1.8.0_181]
	at java.lang.Thread.run(Thread.java:748) [?:1.8.0_181]
[2018-08-07T07:16:39,260][ERROR][o.e.x.m.e.l.LocalExporter] failed to set monitoring template [.monitoring-kibana]
org.elasticsearch.cluster.metadata.ProcessClusterEventTimeoutException: failed to process cluster event (create-index-template [.monitoring-kibana], cause [api]) within 30s
	at org.elasticsearch.cluster.service.MasterService$Batcher.lambda$onTimeout$0(MasterService.java:124) ~[elasticsearch-6.3.2.jar:6.3.2]
	at java.util.ArrayList.forEach(ArrayList.java:1257) ~[?:1.8.0_181]
	at org.elasticsearch.cluster.service.MasterService$Batcher.lambda$onTimeout$1(MasterService.java:123) ~[elasticsearch-6.3.2.jar:6.3.2]
	at org.elasticsearch.common.util.concurrent.ThreadContext$ContextPreservingRunnable.run(ThreadContext.java:626) [elasticsearch-6.3.2.jar:6.3.2]
	at java.util.concurrent.ThreadPoolExecutor.runWorker(ThreadPoolExecutor.java:1149) [?:1.8.0_181]
	at java.util.concurrent.ThreadPoolExecutor$Worker.run(ThreadPoolExecutor.java:624) [?:1.8.0_181]
	at java.lang.Thread.run(Thread.java:748) [?:1.8.0_181]
[2018-08-07T07:16:39,261][ERROR][o.e.x.m.e.l.LocalExporter] failed to set monitoring template [.monitoring-logstash]
org.elasticsearch.cluster.metadata.ProcessClusterEventTimeoutException: failed to process cluster event (create-index-template [.monitoring-logstash], cause [api]) within 30s
	at org.elasticsearch.cluster.service.MasterService$Batcher.lambda$onTimeout$0(MasterService.java:124) ~[elasticsearch-6.3.2.jar:6.3.2]
	at java.util.ArrayList.forEach(ArrayList.java:1257) ~[?:1.8.0_181]
	at org.elasticsearch.cluster.service.MasterService$Batcher.lambda$onTimeout$1(MasterService.java:123) ~[elasticsearch-6.3.2.jar:6.3.2]
	at org.elasticsearch.common.util.concurrent.ThreadContext$ContextPreservingRunnable.run(ThreadContext.java:626) [elasticsearch-6.3.2.jar:6.3.2]
	at java.util.concurrent.ThreadPoolExecutor.runWorker(ThreadPoolExecutor.java:1149) [?:1.8.0_181]
	at java.util.concurrent.ThreadPoolExecutor$Worker.run(ThreadPoolExecutor.java:624) [?:1.8.0_181]
	at java.lang.Thread.run(Thread.java:748) [?:1.8.0_181]
[2018-08-07T07:16:40,978][WARN ][o.e.m.j.JvmGcMonitorService] [6x8e-AJ] [gc][young][16][7] duration [1.5s], collections [1]/[1.7s], total [1.5s]/[6.5s], memory [337.1mb]->[63.8mb]/[989.8mb], all_pools {[young] [272.1mb]->[1.8mb]/[273mb]}{[survivor] [34.1mb]->[24.4mb]/[34.1mb]}{[old] [30.8mb]->[38.5mb]/[682.6mb]}
[2018-08-07T07:16:40,978][WARN ][o.e.m.j.JvmGcMonitorService] [6x8e-AJ] [gc][16] overhead, spent [1.5s] collecting in the last [1.7s]
[2018-08-07T07:16:41,093][INFO ][o.e.c.m.MetaDataIndexTemplateService] [6x8e-AJ] adding template [.watch-history-7] for index patterns [.watcher-history-7*]
[2018-08-07T07:16:41,221][INFO ][o.e.c.m.MetaDataIndexTemplateService] [6x8e-AJ] adding template [.triggered_watches] for index patterns [.triggered_watches*]
[2018-08-07T07:16:41,444][INFO ][o.e.l.LicenseService     ] [6x8e-AJ] license [268f1e84-5044-4699-b156-b6d27187a10b] mode [basic] - valid
[2018-08-07T07:18:06,813][INFO ][o.e.x.m.j.p.NativeController] Native controller process has stopped - no new native processes can be started
[2018-08-07T07:18:06,815][INFO ][o.e.n.Node               ] [6x8e-AJ] stopping ...
[2018-08-07T07:18:06,912][INFO ][o.e.x.w.WatcherService   ] [6x8e-AJ] stopping watch service, reason [shutdown initiated]
[2018-08-07T07:18:07,280][INFO ][o.e.n.Node               ] [6x8e-AJ] stopped
[2018-08-07T07:18:07,281][INFO ][o.e.n.Node               ] [6x8e-AJ] closing ...
[2018-08-07T07:18:07,365][INFO ][o.e.n.Node               ] [6x8e-AJ] closed
